[Mon Nov 11 08:40:24.984711 2024] [ssl:warn] [pid 10580:tid 424] AH01909: www.example.com:443:0 server certificate does NOT include an ID which matches the server name
[Mon Nov 11 08:40:25.021690 2024] [ssl:warn] [pid 10580:tid 424] AH01909: www.example.com:443:0 server certificate does NOT include an ID which matches the server name
[Mon Nov 11 08:40:25.067664 2024] [mpm_winnt:notice] [pid 10580:tid 424] AH00455: Apache/2.4.58 (Win64) OpenSSL/3.1.3 PHP/8.0.30 configured -- resuming normal operations
[Mon Nov 11 08:40:25.067664 2024] [mpm_winnt:notice] [pid 10580:tid 424] AH00456: Apache Lounge VS17 Server built: Oct 18 2023 13:03:18
[Mon Nov 11 08:40:25.067664 2024] [core:notice] [pid 10580:tid 424] AH00094: Command line: 'c:\\xampp\\apache\\bin\\httpd.exe -d C:/xampp/apache'
[Mon Nov 11 08:40:25.070661 2024] [mpm_winnt:notice] [pid 10580:tid 424] AH00418: Parent: Created child process 10996
[Mon Nov 11 08:40:25.457192 2024] [ssl:warn] [pid 10996:tid 428] AH01909: www.example.com:443:0 server certificate does NOT include an ID which matches the server name
[Mon Nov 11 08:40:25.489157 2024] [ssl:warn] [pid 10996:tid 428] AH01909: www.example.com:443:0 server certificate does NOT include an ID which matches the server name
[Mon Nov 11 08:40:25.512154 2024] [mpm_winnt:notice] [pid 10996:tid 428] AH00354: Child: Starting 150 worker threads.
[Tue Nov 12 08:41:48.467837 2024] [ssl:warn] [pid 4128:tid 424] AH01909: www.example.com:443:0 server certificate does NOT include an ID which matches the server name
[Tue Nov 12 08:41:48.502172 2024] [core:warn] [pid 4128:tid 424] AH00098: pid file C:/xampp/apache/logs/httpd.pid overwritten -- Unclean shutdown of previous Apache run?
[Tue Nov 12 08:41:48.505174 2024] [ssl:warn] [pid 4128:tid 424] AH01909: www.example.com:443:0 server certificate does NOT include an ID which matches the server name
[Tue Nov 12 08:41:48.550225 2024] [mpm_winnt:notice] [pid 4128:tid 424] AH00455: Apache/2.4.58 (Win64) OpenSSL/3.1.3 PHP/8.0.30 configured -- resuming normal operations
[Tue Nov 12 08:41:48.550225 2024] [mpm_winnt:notice] [pid 4128:tid 424] AH00456: Apache Lounge VS17 Server built: Oct 18 2023 13:03:18
[Tue Nov 12 08:41:48.550225 2024] [core:notice] [pid 4128:tid 424] AH00094: Command line: 'c:\\xampp\\apache\\bin\\httpd.exe -d C:/xampp/apache'
[Tue Nov 12 08:41:48.552208 2024] [mpm_winnt:notice] [pid 4128:tid 424] AH00418: Parent: Created child process 13216
[Tue Nov 12 08:41:49.051095 2024] [ssl:warn] [pid 13216:tid 428] AH01909: www.example.com:443:0 server certificate does NOT include an ID which matches the server name
[Tue Nov 12 08:41:49.084288 2024] [ssl:warn] [pid 13216:tid 428] AH01909: www.example.com:443:0 server certificate does NOT include an ID which matches the server name
[Tue Nov 12 08:41:49.107285 2024] [mpm_winnt:notice] [pid 13216:tid 428] AH00354: Child: Starting 150 worker threads.
[Tue Nov 12 12:36:30.283192 2024] [ssl:warn] [pid 7156:tid 332] AH01909: www.example.com:443:0 server certificate does NOT include an ID which matches the server name
[Tue Nov 12 12:36:30.322200 2024] [core:warn] [pid 7156:tid 332] AH00098: pid file C:/xampp/apache/logs/httpd.pid overwritten -- Unclean shutdown of previous Apache run?
[Tue Nov 12 12:36:30.325188 2024] [ssl:warn] [pid 7156:tid 332] AH01909: www.example.com:443:0 server certificate does NOT include an ID which matches the server name
[Tue Nov 12 12:36:30.378205 2024] [mpm_winnt:notice] [pid 7156:tid 332] AH00455: Apache/2.4.58 (Win64) OpenSSL/3.1.3 PHP/8.0.30 configured -- resuming normal operations
[Tue Nov 12 12:36:30.378205 2024] [mpm_winnt:notice] [pid 7156:tid 332] AH00456: Apache Lounge VS17 Server built: Oct 18 2023 13:03:18
[Tue Nov 12 12:36:30.378205 2024] [core:notice] [pid 7156:tid 332] AH00094: Command line: 'c:\\xampp\\apache\\bin\\httpd.exe -d C:/xampp/apache'
[Tue Nov 12 12:36:30.382202 2024] [mpm_winnt:notice] [pid 7156:tid 332] AH00418: Parent: Created child process 6024
[Tue Nov 12 12:36:30.934765 2024] [ssl:warn] [pid 6024:tid 432] AH01909: www.example.com:443:0 server certificate does NOT include an ID which matches the server name
[Tue Nov 12 12:36:30.973305 2024] [ssl:warn] [pid 6024:tid 432] AH01909: www.example.com:443:0 server certificate does NOT include an ID which matches the server name
[Tue Nov 12 12:36:31.005287 2024] [mpm_winnt:notice] [pid 6024:tid 432] AH00354: Child: Starting 150 worker threads.
